# JRE version: OpenJDK Runtime Environment (21.0.6) (build 21.0.6+-13391695-b895.109)
# Java VM: OpenJDK 64-Bit Server VM (21.0.6+-13391695-b895.109, mixed mode, tiered, compressed oops, compressed class ptrs, g1 gc, windows-amd64)
GC Precious Log:
 CardTable entry size: 512
 Card Set container configuration: InlinePtr #cards 5 size 8 Array Of Cards #cards 12 size 40 Howl #buckets 4 coarsen threshold 1843 Howl Bitmap #cards 512 size 80 coarsen threshold 460 Card regions per heap region 1 cards per card region 2048
 CPUs: 4 total, 4 available
 Memory: 8088M
 Large Page Support: Disabled
 NUMA Support: Disabled
 Compressed Oops: Enabled (32-bit)
 Heap Region Size: 1M
 Heap Min Capacity: 8M
 Heap Initial Capacity: 128M
 Heap Max Capacity: 2G
 Pre-touch: Disabled
 Parallel Workers: 4
 Concurrent Workers: 1
 Concurrent Refinement Workers: 4
 Periodic GC: Disabled
Heap:
 garbage-first heap   total 505856K, used 320931K [0x0000000080000000, 0x0000000100000000)
  region size 1024K, 60 young (61440K), 16 survivors (16384K)
 Metaspace       used 184599K, committed 187712K, reserved 1245184K
  class space    used 23382K, committed 25408K, reserved 1048576K
GC Heap History (20 events):
Event: 1528.127 GC heap before
{Heap before GC invocations=80 (full 0):
 garbage-first heap   total 444416K, used 308224K [0x0000000080000000, 0x0000000100000000)
  region size 1024K, 36 young (36864K), 15 survivors (15360K)
 Metaspace       used 178422K, committed 181568K, reserved 1245184K
  class space    used 23520K, committed 25152K, reserved 1048576K
}
Event: 1528.164 GC heap after
{Heap after GC invocations=81 (full 0):
 garbage-first heap   total 444416K, used 297472K [0x0000000080000000, 0x0000000100000000)
  region size 1024K, 8 young (8192K), 8 survivors (8192K)
 Metaspace       used 178422K, committed 181568K, reserved 1245184K
  class space    used 23520K, committed 25152K, reserved 1048576K
}
Event: 1529.783 GC heap before
{Heap before GC invocations=82 (full 0):
 garbage-first heap   total 505856K, used 385536K [0x0000000080000000, 0x0000000100000000)
  region size 1024K, 90 young (92160K), 8 survivors (8192K)
 Metaspace       used 180777K, committed 183936K, reserved 1245184K
  class space    used 23725K, committed 25344K, reserved 1048576K
}
Event: 1529.807 GC heap after
{Heap after GC invocations=83 (full 0):
 garbage-first heap   total 505856K, used 293376K [0x0000000080000000, 0x0000000100000000)
  region size 1024K, 12 young (12288K), 12 survivors (12288K)
 Metaspace       used 180777K, committed 183936K, reserved 1245184K
  class space    used 23725K, committed 25344K, reserved 1048576K
}
Event: 1537.320 GC heap before
{Heap before GC invocations=83 (full 0):
 garbage-first heap   total 505856K, used 435712K [0x0000000080000000, 0x0000000100000000)
  region size 1024K, 142 young (145408K), 12 survivors (12288K)
 Metaspace       used 181629K, committed 184768K, reserved 1245184K
  class space    used 23782K, committed 25344K, reserved 1048576K
}
Event: 1537.340 GC heap after
{Heap after GC invocations=84 (full 0):
 garbage-first heap   total 505856K, used 281550K [0x0000000080000000, 0x0000000100000000)
  region size 1024K, 6 young (6144K), 6 survivors (6144K)
 Metaspace       used 181629K, committed 184768K, reserved 1245184K
  class space    used 23782K, committed 25344K, reserved 1048576K
}
Event: 1537.889 GC heap before
{Heap before GC invocations=84 (full 0):
 garbage-first heap   total 505856K, used 305102K [0x0000000080000000, 0x0000000100000000)
  region size 1024K, 31 young (31744K), 6 survivors (6144K)
 Metaspace       used 181640K, committed 184768K, reserved 1245184K
  class space    used 23782K, committed 25344K, reserved 1048576K
}
Event: 1537.900 GC heap after
{Heap after GC invocations=85 (full 0):
 garbage-first heap   total 505856K, used 279842K [0x0000000080000000, 0x0000000100000000)
  region size 1024K, 5 young (5120K), 5 survivors (5120K)
 Metaspace       used 181640K, committed 184768K, reserved 1245184K
  class space    used 23782K, committed 25344K, reserved 1048576K
}
Event: 1700.212 GC heap before
{Heap before GC invocations=86 (full 0):
 garbage-first heap   total 505856K, used 450850K [0x0000000080000000, 0x0000000100000000)
  region size 1024K, 164 young (167936K), 5 survivors (5120K)
 Metaspace       used 181806K, committed 184960K, reserved 1245184K
  class space    used 23786K, committed 25408K, reserved 1048576K
}
Event: 1700.236 GC heap after
{Heap after GC invocations=87 (full 0):
 garbage-first heap   total 505856K, used 254926K [0x0000000080000000, 0x0000000100000000)
  region size 1024K, 12 young (12288K), 12 survivors (12288K)
 Metaspace       used 181806K, committed 184960K, reserved 1245184K
  class space    used 23786K, committed 25408K, reserved 1048576K
}
Event: 1889.128 GC heap before
{Heap before GC invocations=87 (full 0):
 garbage-first heap   total 505856K, used 467918K [0x0000000080000000, 0x0000000100000000)
  region size 1024K, 195 young (199680K), 12 survivors (12288K)
 Metaspace       used 181924K, committed 185152K, reserved 1245184K
  class space    used 23787K, committed 25408K, reserved 1048576K
}
Event: 1889.165 GC heap after
{Heap after GC invocations=88 (full 0):
 garbage-first heap   total 505856K, used 256152K [0x0000000080000000, 0x0000000100000000)
  region size 1024K, 25 young (25600K), 25 survivors (25600K)
 Metaspace       used 181924K, committed 185152K, reserved 1245184K
  class space    used 23787K, committed 25408K, reserved 1048576K
}
Event: 1889.235 GC heap before
{Heap before GC invocations=88 (full 0):
 garbage-first heap   total 505856K, used 270488K [0x0000000080000000, 0x0000000100000000)
  region size 1024K, 41 young (41984K), 25 survivors (25600K)
 Metaspace       used 181925K, committed 185152K, reserved 1245184K
  class space    used 23787K, committed 25408K, reserved 1048576K
}
Event: 1889.280 GC heap after
{Heap after GC invocations=89 (full 0):
 garbage-first heap   total 505856K, used 266240K [0x0000000080000000, 0x0000000100000000)
  region size 1024K, 10 young (10240K), 10 survivors (10240K)
 Metaspace       used 181925K, committed 185152K, reserved 1245184K
  class space    used 23787K, committed 25408K, reserved 1048576K
}
Event: 1897.165 GC heap before
{Heap before GC invocations=90 (full 0):
 garbage-first heap   total 505856K, used 458752K [0x0000000080000000, 0x0000000100000000)
  region size 1024K, 182 young (186368K), 10 survivors (10240K)
 Metaspace       used 183213K, committed 186624K, reserved 1245184K
  class space    used 23351K, committed 25408K, reserved 1048576K
}
Event: 1897.192 GC heap after
{Heap after GC invocations=91 (full 0):
 garbage-first heap   total 505856K, used 269824K [0x0000000080000000, 0x0000000100000000)
  region size 1024K, 16 young (16384K), 16 survivors (16384K)
 Metaspace       used 183213K, committed 186624K, reserved 1245184K
  class space    used 23351K, committed 25408K, reserved 1048576K
}
Event: 2097.282 GC heap before
{Heap before GC invocations=91 (full 0):
 garbage-first heap   total 505856K, used 472576K [0x0000000080000000, 0x0000000100000000)
  region size 1024K, 189 young (193536K), 16 survivors (16384K)
 Metaspace       used 184367K, committed 187456K, reserved 1245184K
  class space    used 23373K, committed 25408K, reserved 1048576K
}
Event: 2097.342 GC heap after
{Heap after GC invocations=92 (full 0):
 garbage-first heap   total 505856K, used 259491K [0x0000000080000000, 0x0000000100000000)
  region size 1024K, 14 young (14336K), 14 survivors (14336K)
 Metaspace       used 184367K, committed 187456K, reserved 1245184K
  class space    used 23373K, committed 25408K, reserved 1048576K
}
Event: 2100.370 GC heap before
{Heap before GC invocations=92 (full 0):
 garbage-first heap   total 505856K, used 292259K [0x0000000080000000, 0x0000000100000000)
  region size 1024K, 48 young (49152K), 14 survivors (14336K)
 Metaspace       used 184479K, committed 187520K, reserved 1245184K
  class space    used 23374K, committed 25408K, reserved 1048576K
}
Event: 2100.392 GC heap after
{Heap after GC invocations=93 (full 0):
 garbage-first heap   total 505856K, used 261539K [0x0000000080000000, 0x0000000100000000)
  region size 1024K, 16 young (16384K), 16 survivors (16384K)
 Metaspace       used 184479K, committed 187520K, reserved 1245184K
  class space    used 23374K, committed 25408K, reserved 1048576K
}

